mode: set
github.com/example/transactions-api/internal/config/config.go:32.30,52.24 3 1
github.com/example/transactions-api/internal/config/config.go:52.24,53.36 1 1
github.com/example/transactions-api/internal/config/config.go:53.36,55.10 1 1
github.com/example/transactions-api/internal/config/config.go:55.15,55.44 1 1
github.com/example/transactions-api/internal/config/config.go:55.44,57.10 1 1
github.com/example/transactions-api/internal/config/config.go:60.5,60.20 1 1
github.com/example/transactions-api/internal/config/config.go:63.37,64.37 1 1
github.com/example/transactions-api/internal/config/config.go:64.37,66.6 1 1
github.com/example/transactions-api/internal/config/config.go:67.5,67.15 1 1
github.com/example/transactions-api/internal/config/config.go:70.41,73.26 2 1
github.com/example/transactions-api/internal/config/config.go:73.26,75.6 1 1
github.com/example/transactions-api/internal/config/config.go:76.5,76.108 1 1
github.com/example/transactions-api/cmd/server/main.go:30.13,32.19 2 0
github.com/example/transactions-api/cmd/server/main.go:32.19,33.19 1 0
github.com/example/transactions-api/cmd/server/main.go:36.5,37.19 2 0
github.com/example/transactions-api/cmd/server/main.go:37.19,38.19 1 0
github.com/example/transactions-api/cmd/server/main.go:40.5,45.19 4 0
github.com/example/transactions-api/cmd/server/main.go:45.19,47.6 1 0
github.com/example/transactions-api/cmd/server/main.go:49.5,53.32 4 0
github.com/example/transactions-api/cmd/server/main.go:53.32,55.6 1 0
github.com/example/transactions-api/cmd/server/main.go:56.5,63.15 3 0
github.com/example/transactions-api/cmd/server/main.go:63.15,64.83 1 0
github.com/example/transactions-api/cmd/server/main.go:64.83,66.10 1 0
github.com/example/transactions-api/cmd/server/main.go:70.5,76.45 6 0
github.com/example/transactions-api/cmd/server/main.go:76.45,78.6 1 0
github.com/example/transactions-api/internal/database/db.go:19.63,21.25 2 1
github.com/example/transactions-api/internal/database/db.go:22.18,23.42 1 0
github.com/example/transactions-api/internal/database/db.go:24.19,25.43 1 1
github.com/example/transactions-api/internal/database/db.go:26.13,27.74 1 0
github.com/example/transactions-api/internal/database/db.go:30.5,38.19 3 1
github.com/example/transactions-api/internal/database/db.go:38.19,40.6 1 0
github.com/example/transactions-api/internal/database/db.go:43.5,44.19 2 1
github.com/example/transactions-api/internal/database/db.go:44.19,48.6 3 1
github.com/example/transactions-api/internal/database/db.go:51.5,51.65 1 1
github.com/example/transactions-api/internal/database/db.go:51.65,53.6 1 0
github.com/example/transactions-api/internal/database/db.go:55.5,55.19 1 1
github.com/example/transactions-api/internal/handler/transaction_handler.go:21.80,23.2 1 1
github.com/example/transactions-api/internal/handler/transaction_handler.go:57.64,59.50 2 1
github.com/example/transactions-api/internal/handler/transaction_handler.go:59.50,62.6 2 1
github.com/example/transactions-api/internal/handler/transaction_handler.go:63.5,64.19 2 1
github.com/example/transactions-api/internal/handler/transaction_handler.go:64.19,67.6 2 0
github.com/example/transactions-api/internal/handler/transaction_handler.go:69.5,70.19 2 1
github.com/example/transactions-api/internal/handler/transaction_handler.go:70.19,73.6 2 0
github.com/example/transactions-api/internal/handler/transaction_handler.go:74.5,74.28 1 1
github.com/example/transactions-api/internal/handler/transaction_handler.go:84.61,86.19 2 1
github.com/example/transactions-api/internal/handler/transaction_handler.go:86.19,89.6 2 1
github.com/example/transactions-api/internal/handler/transaction_handler.go:90.5,91.19 2 1
github.com/example/transactions-api/internal/handler/transaction_handler.go:91.19,94.6 2 0
github.com/example/transactions-api/internal/handler/transaction_handler.go:95.5,95.28 1 1
github.com/example/transactions-api/internal/handler/transaction_handler.go:108.63,110.49 2 1
github.com/example/transactions-api/internal/handler/transaction_handler.go:110.49,113.6 2 1
github.com/example/transactions-api/internal/handler/transaction_handler.go:115.5,127.19 5 1
github.com/example/transactions-api/internal/handler/transaction_handler.go:127.19,130.6 2 0
github.com/example/transactions-api/internal/handler/transaction_handler.go:132.5,138.31 2 1
github.com/example/transactions-api/internal/handler/transaction_handler.go:151.64,153.19 2 1
github.com/example/transactions-api/internal/handler/transaction_handler.go:153.19,156.6 2 1
github.com/example/transactions-api/internal/handler/transaction_handler.go:157.5,158.50 2 1
github.com/example/transactions-api/internal/handler/transaction_handler.go:158.50,161.6 2 0
github.com/example/transactions-api/internal/handler/transaction_handler.go:162.5,162.83 1 1
github.com/example/transactions-api/internal/handler/transaction_handler.go:162.83,163.44 1 0
github.com/example/transactions-api/internal/handler/transaction_handler.go:163.44,166.10 2 0
github.com/example/transactions-api/internal/handler/transaction_handler.go:167.9,168.15 2 0
github.com/example/transactions-api/internal/handler/transaction_handler.go:170.5,171.28 2 1
github.com/example/transactions-api/internal/handler/transaction_handler.go:180.64,182.19 2 1
github.com/example/transactions-api/internal/handler/transaction_handler.go:182.19,185.6 2 1
github.com/example/transactions-api/internal/handler/transaction_handler.go:186.5,186.65 1 1
github.com/example/transactions-api/internal/handler/transaction_handler.go:186.65,189.6 2 0
github.com/example/transactions-api/internal/handler/transaction_handler.go:190.5,190.26 1 1
github.com/example/transactions-api/internal/handler/transaction_handler.go:198.66,201.19 3 1
github.com/example/transactions-api/internal/handler/transaction_handler.go:201.19,204.6 2 0
github.com/example/transactions-api/internal/handler/transaction_handler.go:205.5,205.33 1 1
github.com/example/transactions-api/internal/logger/logger.go:11.50,13.28 2 1
github.com/example/transactions-api/internal/logger/logger.go:13.28,15.6 1 1
github.com/example/transactions-api/internal/logger/logger.go:15.11,17.6 1 1
github.com/example/transactions-api/internal/logger/logger.go:19.5,19.35 1 1
github.com/example/transactions-api/internal/logger/logger.go:20.18,21.61 1 1
github.com/example/transactions-api/internal/logger/logger.go:22.17,23.60 1 0
github.com/example/transactions-api/internal/logger/logger.go:24.18,25.61 1 0
github.com/example/transactions-api/internal/logger/logger.go:26.13,27.60 1 1
github.com/example/transactions-api/internal/logger/logger.go:31.5,31.28 1 1
github.com/example/transactions-api/internal/logger/logger.go:31.28,33.6 1 1
github.com/example/transactions-api/internal/logger/logger.go:35.5,35.23 1 1
github.com/example/transactions-api/internal/pagination/pagination.go:12.45,13.20 1 1
github.com/example/transactions-api/internal/pagination/pagination.go:13.20,15.6 1 1
github.com/example/transactions-api/internal/pagination/pagination.go:16.5,16.24 1 1
github.com/example/transactions-api/internal/pagination/pagination.go:16.24,18.6 1 1
github.com/example/transactions-api/internal/pagination/pagination.go:19.5,19.33 1 1
github.com/example/transactions-api/internal/pagination/pagination.go:19.33,21.6 1 1
github.com/example/transactions-api/internal/pagination/pagination.go:24.29,26.2 1 1
github.com/example/transactions-api/internal/pagination/pagination.go:28.30,30.2 1 1
github.com/example/transactions-api/internal/pagination/pagination.go:32.52,33.22 1 1
github.com/example/transactions-api/internal/pagination/pagination.go:33.22,35.6 1 0
github.com/example/transactions-api/internal/pagination/pagination.go:36.5,36.66 1 1
github.com/example/transactions-api/internal/models/transaction.go:32.39,32.64 1 0
github.com/example/transactions-api/internal/middleware/request_logger.go:12.31,14.2 1 0
github.com/example/transactions-api/internal/middleware/request_logger.go:16.38,17.33 1 1
github.com/example/transactions-api/internal/middleware/request_logger.go:17.33,25.22 6 1
github.com/example/transactions-api/internal/middleware/request_logger.go:25.22,27.10 1 0
github.com/example/transactions-api/internal/middleware/request_logger.go:28.9,28.26 1 1
github.com/example/transactions-api/internal/middleware/request_logger.go:28.26,36.10 1 0
github.com/example/transactions-api/internal/repository/transaction_repository.go:37.66,39.2 1 1
github.com/example/transactions-api/internal/repository/transaction_repository.go:41.90,43.2 1 1
github.com/example/transactions-api/internal/repository/transaction_repository.go:45.103,47.70 2 1
github.com/example/transactions-api/internal/repository/transaction_repository.go:47.70,49.6 1 1
github.com/example/transactions-api/internal/repository/transaction_repository.go:50.5,50.20 1 0
github.com/example/transactions-api/internal/repository/transaction_repository.go:53.99,55.25 2 1
github.com/example/transactions-api/internal/repository/transaction_repository.go:55.25,57.6 1 0
github.com/example/transactions-api/internal/repository/transaction_repository.go:58.5,58.30 1 1
github.com/example/transactions-api/internal/repository/transaction_repository.go:58.30,60.6 1 1
github.com/example/transactions-api/internal/repository/transaction_repository.go:61.5,61.15 1 0
github.com/example/transactions-api/internal/repository/transaction_repository.go:64.78,66.25 2 1
github.com/example/transactions-api/internal/repository/transaction_repository.go:66.25,68.6 1 0
github.com/example/transactions-api/internal/repository/transaction_repository.go:69.5,69.30 1 1
github.com/example/transactions-api/internal/repository/transaction_repository.go:69.30,71.6 1 1
github.com/example/transactions-api/internal/repository/transaction_repository.go:72.5,72.15 1 0
github.com/example/transactions-api/internal/repository/transaction_repository.go:75.122,78.29 2 1
github.com/example/transactions-api/internal/repository/transaction_repository.go:78.29,80.6 1 1
github.com/example/transactions-api/internal/repository/transaction_repository.go:81.5,81.29 1 1
github.com/example/transactions-api/internal/repository/transaction_repository.go:81.29,83.6 1 0
github.com/example/transactions-api/internal/repository/transaction_repository.go:85.5,86.49 2 1
github.com/example/transactions-api/internal/repository/transaction_repository.go:86.49,88.6 1 0
github.com/example/transactions-api/internal/repository/transaction_repository.go:90.5,90.26 1 1
github.com/example/transactions-api/internal/repository/transaction_repository.go:90.26,92.6 1 1
github.com/example/transactions-api/internal/repository/transaction_repository.go:93.5,95.25 2 1
github.com/example/transactions-api/internal/repository/transaction_repository.go:95.25,97.6 1 0
github.com/example/transactions-api/internal/repository/transaction_repository.go:98.5,98.27 1 1
github.com/example/transactions-api/internal/repository/transaction_repository.go:98.27,100.6 1 1
github.com/example/transactions-api/internal/repository/transaction_repository.go:102.5,103.46 2 1
github.com/example/transactions-api/internal/repository/transaction_repository.go:103.46,105.6 1 0
github.com/example/transactions-api/internal/repository/transaction_repository.go:106.5,106.27 1 1
github.com/example/transactions-api/internal/repository/transaction_repository.go:109.112,117.41 3 1
github.com/example/transactions-api/internal/repository/transaction_repository.go:117.41,119.6 1 0
github.com/example/transactions-api/internal/repository/transaction_repository.go:120.5,120.21 1 1
github.com/example/transactions-api/internal/repository/transaction_repository.go:120.21,122.6 1 0
github.com/example/transactions-api/internal/repository/transaction_repository.go:123.5,124.19 2 1
github.com/example/transactions-api/internal/repository/transaction_repository.go:124.19,126.6 1 0
github.com/example/transactions-api/internal/repository/transaction_repository.go:127.5,127.27 1 1
github.com/example/transactions-api/internal/repository/transaction_repository.go:130.100,133.134 2 1
github.com/example/transactions-api/internal/repository/transaction_repository.go:133.134,135.6 1 0
github.com/example/transactions-api/internal/repository/transaction_repository.go:136.5,137.19 2 1
github.com/example/transactions-api/internal/repository/transaction_repository.go:137.19,139.6 1 0
github.com/example/transactions-api/internal/repository/transaction_repository.go:141.5,142.126 2 1
github.com/example/transactions-api/internal/repository/transaction_repository.go:142.126,144.6 1 0
github.com/example/transactions-api/internal/repository/transaction_repository.go:145.5,145.27 1 1
github.com/example/transactions-api/internal/repository/transaction_repository.go:145.27,147.6 1 0
github.com/example/transactions-api/internal/repository/transaction_repository.go:148.5,148.70 1 1
github.com/example/transactions-api/internal/repository/transaction_repository.go:151.114,152.19 1 1
github.com/example/transactions-api/internal/repository/transaction_repository.go:152.19,154.6 1 0
github.com/example/transactions-api/internal/repository/transaction_repository.go:155.5,156.133 2 1
github.com/example/transactions-api/internal/repository/transaction_repository.go:156.133,158.6 1 0
github.com/example/transactions-api/internal/repository/transaction_repository.go:159.5,159.20 1 1
github.com/example/transactions-api/internal/response/response.go:23.55,25.2 1 1
github.com/example/transactions-api/internal/response/response.go:27.48,29.2 1 1
github.com/example/transactions-api/internal/response/response.go:31.32,33.2 1 1
github.com/example/transactions-api/internal/response/response.go:35.56,37.2 1 1
github.com/example/transactions-api/internal/router/router.go:12.53,18.43 4 1
github.com/example/transactions-api/internal/router/router.go:18.43,18.66 1 1
github.com/example/transactions-api/internal/router/router.go:21.5,33.13 8 1
github.com/example/transactions-api/internal/service/transaction_service.go:34.86,36.2 1 1
github.com/example/transactions-api/internal/service/transaction_service.go:38.141,39.20 1 1
github.com/example/transactions-api/internal/service/transaction_service.go:39.20,41.6 1 1
github.com/example/transactions-api/internal/service/transaction_service.go:42.5,42.45 1 1
github.com/example/transactions-api/internal/service/transaction_service.go:42.45,44.6 1 1
github.com/example/transactions-api/internal/service/transaction_service.go:45.5,46.31 2 1
github.com/example/transactions-api/internal/service/transaction_service.go:46.31,48.6 1 1
github.com/example/transactions-api/internal/service/transaction_service.go:50.5,55.50 2 1
github.com/example/transactions-api/internal/service/transaction_service.go:55.50,57.6 1 0
github.com/example/transactions-api/internal/service/transaction_service.go:58.5,58.19 1 1
github.com/example/transactions-api/internal/service/transaction_service.go:61.99,63.2 1 1
github.com/example/transactions-api/internal/service/transaction_service.go:65.96,67.31 2 1
github.com/example/transactions-api/internal/service/transaction_service.go:67.31,69.6 1 1
github.com/example/transactions-api/internal/service/transaction_service.go:70.5,70.48 1 1
github.com/example/transactions-api/internal/service/transaction_service.go:73.75,75.2 1 1
github.com/example/transactions-api/internal/service/transaction_service.go:77.130,79.2 1 1
github.com/example/transactions-api/internal/service/transaction_service.go:81.109,83.19 2 1
github.com/example/transactions-api/internal/service/transaction_service.go:83.19,85.6 1 0
github.com/example/transactions-api/internal/service/transaction_service.go:86.5,87.19 2 1
github.com/example/transactions-api/internal/service/transaction_service.go:87.19,89.6 1 0
github.com/example/transactions-api/internal/service/transaction_service.go:90.5,91.19 2 1
github.com/example/transactions-api/internal/service/transaction_service.go:91.19,93.6 1 0
github.com/example/transactions-api/internal/service/transaction_service.go:94.5,98.11 1 1
github.com/example/transactions-api/internal/service/transaction_service.go:101.35,102.14 1 1
github.com/example/transactions-api/internal/service/transaction_service.go:103.107,104.20 1 1
github.com/example/transactions-api/internal/service/transaction_service.go:105.13,106.21 1 1
